0 info it worked if it ends with ok
1 verbose cli [ 'C:\\Program Files\\nodejs\\node.exe',
1 verbose cli   'C:\\Users\\ravinds4\\AppData\\Roaming\\npm\\node_modules\\npm\\bin\\npm-cli.js',
1 verbose cli   'install' ]
2 info using npm@4.0.5
3 info using node@v6.9.2
4 silly loadCurrentTree Starting
5 silly install loadCurrentTree
6 silly install readLocalPackageData
7 silly install normalizeTree
8 silly loadCurrentTree Finishing
9 silly loadIdealTree Starting
10 silly install loadIdealTree
11 silly cloneCurrentTree Starting
12 silly install cloneCurrentTreeToIdealTree
13 silly cloneCurrentTree Finishing
14 silly loadShrinkwrap Starting
15 silly install loadShrinkwrap
16 silly loadShrinkwrap Finishing
17 silly loadAllDepsIntoIdealTree Starting
18 silly install loadAllDepsIntoIdealTree
19 silly fetchNamedPackageData passport
20 silly mapToRegistry name passport
21 silly mapToRegistry using default registry
22 silly mapToRegistry registry https://registry.npmjs.org/
23 silly mapToRegistry data Result {
23 silly mapToRegistry   raw: 'passport',
23 silly mapToRegistry   scope: null,
23 silly mapToRegistry   escapedName: 'passport',
23 silly mapToRegistry   name: 'passport',
23 silly mapToRegistry   rawSpec: '',
23 silly mapToRegistry   spec: 'latest',
23 silly mapToRegistry   type: 'tag' }
24 silly mapToRegistry uri https://registry.npmjs.org/passport
25 verbose request uri https://registry.npmjs.org/passport
26 verbose request no auth needed
27 info attempt registry request try #1 at 12:20:48 PM
28 verbose request id c55add44450a9df8
29 verbose etag W/"58b265fa-ad43"
30 verbose lastModified Sun, 26 Feb 2017 05:22:02 GMT
31 http request GET https://registry.npmjs.org/passport
32 http 304 https://registry.npmjs.org/passport
33 verbose headers { date: 'Mon, 06 Mar 2017 06:50:48 GMT',
33 verbose headers   via: '1.1 varnish',
33 verbose headers   'cache-control': 'max-age=300',
33 verbose headers   etag: 'W/"58b265fa-ad43"',
33 verbose headers   age: '260',
33 verbose headers   connection: 'keep-alive',
33 verbose headers   'x-served-by': 'cache-sin6922-SIN',
33 verbose headers   'x-cache': 'HIT',
33 verbose headers   'x-cache-hits': '1',
33 verbose headers   'x-timer': 'S1488783048.577132,VS0,VE0',
33 verbose headers   vary: 'Accept-Encoding' }
34 silly get cb [ 304,
34 silly get   { date: 'Mon, 06 Mar 2017 06:50:48 GMT',
34 silly get     via: '1.1 varnish',
34 silly get     'cache-control': 'max-age=300',
34 silly get     etag: 'W/"58b265fa-ad43"',
34 silly get     age: '260',
34 silly get     connection: 'keep-alive',
34 silly get     'x-served-by': 'cache-sin6922-SIN',
34 silly get     'x-cache': 'HIT',
34 silly get     'x-cache-hits': '1',
34 silly get     'x-timer': 'S1488783048.577132,VS0,VE0',
34 silly get     vary: 'Accept-Encoding' } ]
35 verbose etag https://registry.npmjs.org/passport from cache
36 verbose get saving passport to C:\Users\ravinds4\AppData\Roaming\npm-cache\registry.npmjs.org\passport\.cache.json
37 verbose correctMkdir C:\Users\ravinds4\AppData\Roaming\npm-cache correctMkdir not in flight; initializing
38 silly resolveWithNewModule passport@0.3.2 checking installable status
39 silly cache add args [ 'passport@latest', null ]
40 verbose cache add spec passport@latest
41 silly cache add parsed spec Result {
41 silly cache add   raw: 'passport@latest',
41 silly cache add   scope: null,
41 silly cache add   escapedName: 'passport',
41 silly cache add   name: 'passport',
41 silly cache add   rawSpec: 'latest',
41 silly cache add   spec: 'latest',
41 silly cache add   type: 'tag' }
42 silly addNamed passport@latest
43 verbose addNamed "latest" is being treated as a dist-tag for passport
44 info addNameTag [ 'passport', 'latest' ]
45 silly mapToRegistry name passport
46 silly mapToRegistry using default registry
47 silly mapToRegistry registry https://registry.npmjs.org/
48 silly mapToRegistry data Result {
48 silly mapToRegistry   raw: 'passport',
48 silly mapToRegistry   scope: null,
48 silly mapToRegistry   escapedName: 'passport',
48 silly mapToRegistry   name: 'passport',
48 silly mapToRegistry   rawSpec: '',
48 silly mapToRegistry   spec: 'latest',
48 silly mapToRegistry   type: 'tag' }
49 silly mapToRegistry uri https://registry.npmjs.org/passport
50 verbose addNameTag registry:https://registry.npmjs.org/passport not in flight; fetching
51 verbose get https://registry.npmjs.org/passport not expired, no request
52 silly addNameTag next cb for passport with tag latest
53 silly addNamed passport@0.3.2
54 verbose addNamed "0.3.2" is a plain semver version for passport
55 silly cache afterAdd passport@0.3.2
56 verbose afterAdd C:\Users\ravinds4\AppData\Roaming\npm-cache\passport\0.3.2\package\package.json not in flight; writing
57 verbose correctMkdir C:\Users\ravinds4\AppData\Roaming\npm-cache correctMkdir not in flight; initializing
58 verbose afterAdd C:\Users\ravinds4\AppData\Roaming\npm-cache\passport\0.3.2\package\package.json written
59 silly fetchNamedPackageData fsevents
60 silly mapToRegistry name fsevents
61 silly mapToRegistry using default registry
62 silly mapToRegistry registry https://registry.npmjs.org/
63 silly mapToRegistry data Result {
63 silly mapToRegistry   raw: 'fsevents',
63 silly mapToRegistry   scope: null,
63 silly mapToRegistry   escapedName: 'fsevents',
63 silly mapToRegistry   name: 'fsevents',
63 silly mapToRegistry   rawSpec: '',
63 silly mapToRegistry   spec: 'latest',
63 silly mapToRegistry   type: 'tag' }
64 silly mapToRegistry uri https://registry.npmjs.org/fsevents
65 verbose request uri https://registry.npmjs.org/fsevents
66 verbose request no auth needed
67 info attempt registry request try #1 at 12:20:52 PM
68 verbose etag W/"58aa7c0d-d5c0"
69 verbose lastModified Mon, 20 Feb 2017 05:18:05 GMT
70 http request GET https://registry.npmjs.org/fsevents
71 http 304 https://registry.npmjs.org/fsevents
72 verbose headers { date: 'Mon, 06 Mar 2017 06:50:49 GMT',
72 verbose headers   via: '1.1 varnish',
72 verbose headers   'cache-control': 'max-age=300',
72 verbose headers   etag: 'W/"58aa7c0d-d5c0"',
72 verbose headers   age: '39',
72 verbose headers   connection: 'keep-alive',
72 verbose headers   'x-served-by': 'cache-sin6922-SIN',
72 verbose headers   'x-cache': 'HIT',
72 verbose headers   'x-cache-hits': '8',
72 verbose headers   'x-timer': 'S1488783049.969399,VS0,VE0',
72 verbose headers   vary: 'Accept-Encoding' }
73 silly get cb [ 304,
73 silly get   { date: 'Mon, 06 Mar 2017 06:50:49 GMT',
73 silly get     via: '1.1 varnish',
73 silly get     'cache-control': 'max-age=300',
73 silly get     etag: 'W/"58aa7c0d-d5c0"',
73 silly get     age: '39',
73 silly get     connection: 'keep-alive',
73 silly get     'x-served-by': 'cache-sin6922-SIN',
73 silly get     'x-cache': 'HIT',
73 silly get     'x-cache-hits': '8',
73 silly get     'x-timer': 'S1488783049.969399,VS0,VE0',
73 silly get     vary: 'Accept-Encoding' } ]
74 verbose etag https://registry.npmjs.org/fsevents from cache
75 verbose get saving fsevents to C:\Users\ravinds4\AppData\Roaming\npm-cache\registry.npmjs.org\fsevents\.cache.json
76 verbose correctMkdir C:\Users\ravinds4\AppData\Roaming\npm-cache correctMkdir not in flight; initializing
77 silly resolveWithNewModule fsevents@1.1.1 checking installable status
78 silly fetchNamedPackageData pause
79 silly mapToRegistry name pause
80 silly mapToRegistry using default registry
81 silly mapToRegistry registry https://registry.npmjs.org/
82 silly mapToRegistry data Result {
82 silly mapToRegistry   raw: 'pause',
82 silly mapToRegistry   scope: null,
82 silly mapToRegistry   escapedName: 'pause',
82 silly mapToRegistry   name: 'pause',
82 silly mapToRegistry   rawSpec: '',
82 silly mapToRegistry   spec: 'latest',
82 silly mapToRegistry   type: 'tag' }
83 silly mapToRegistry uri https://registry.npmjs.org/pause
84 verbose request uri https://registry.npmjs.org/pause
85 verbose request no auth needed
86 info attempt registry request try #1 at 12:20:52 PM
87 verbose etag W/"56b398f0-10cc"
88 verbose lastModified Thu, 04 Feb 2016 18:31:12 GMT
89 http request GET https://registry.npmjs.org/pause
90 http 304 https://registry.npmjs.org/pause
91 verbose headers { date: 'Mon, 06 Mar 2017 06:50:50 GMT',
91 verbose headers   via: '1.1 varnish',
91 verbose headers   'cache-control': 'max-age=300',
91 verbose headers   etag: 'W/"56b398f0-10cc"',
91 verbose headers   age: '16',
91 verbose headers   connection: 'keep-alive',
91 verbose headers   'x-served-by': 'cache-sin6922-SIN',
91 verbose headers   'x-cache': 'HIT',
91 verbose headers   'x-cache-hits': '2',
91 verbose headers   'x-timer': 'S1488783050.313053,VS0,VE0',
91 verbose headers   vary: 'Accept-Encoding' }
92 silly get cb [ 304,
92 silly get   { date: 'Mon, 06 Mar 2017 06:50:50 GMT',
92 silly get     via: '1.1 varnish',
92 silly get     'cache-control': 'max-age=300',
92 silly get     etag: 'W/"56b398f0-10cc"',
92 silly get     age: '16',
92 silly get     connection: 'keep-alive',
92 silly get     'x-served-by': 'cache-sin6922-SIN',
92 silly get     'x-cache': 'HIT',
92 silly get     'x-cache-hits': '2',
92 silly get     'x-timer': 'S1488783050.313053,VS0,VE0',
92 silly get     vary: 'Accept-Encoding' } ]
93 verbose etag https://registry.npmjs.org/pause from cache
94 verbose get saving pause to C:\Users\ravinds4\AppData\Roaming\npm-cache\registry.npmjs.org\pause\.cache.json
95 verbose correctMkdir C:\Users\ravinds4\AppData\Roaming\npm-cache correctMkdir not in flight; initializing
96 silly resolveWithNewModule pause@0.0.1 checking installable status
97 silly cache add args [ 'pause@0.0.1', null ]
98 verbose cache add spec pause@0.0.1
99 silly cache add parsed spec Result {
99 silly cache add   raw: 'pause@0.0.1',
99 silly cache add   scope: null,
99 silly cache add   escapedName: 'pause',
99 silly cache add   name: 'pause',
99 silly cache add   rawSpec: '0.0.1',
99 silly cache add   spec: '0.0.1',
99 silly cache add   type: 'version' }
100 silly addNamed pause@0.0.1
101 verbose addNamed "0.0.1" is a plain semver version for pause
102 silly mapToRegistry name pause
103 silly mapToRegistry using default registry
104 silly mapToRegistry registry https://registry.npmjs.org/
105 silly mapToRegistry data Result {
105 silly mapToRegistry   raw: 'pause',
105 silly mapToRegistry   scope: null,
105 silly mapToRegistry   escapedName: 'pause',
105 silly mapToRegistry   name: 'pause',
105 silly mapToRegistry   rawSpec: '',
105 silly mapToRegistry   spec: 'latest',
105 silly mapToRegistry   type: 'tag' }
106 silly mapToRegistry uri https://registry.npmjs.org/pause
107 verbose addNameVersion registry:https://registry.npmjs.org/pause not in flight; fetching
108 verbose get https://registry.npmjs.org/pause not expired, no request
109 silly cache afterAdd pause@0.0.1
110 verbose afterAdd C:\Users\ravinds4\AppData\Roaming\npm-cache\pause\0.0.1\package\package.json not in flight; writing
111 verbose correctMkdir C:\Users\ravinds4\AppData\Roaming\npm-cache correctMkdir not in flight; initializing
112 verbose afterAdd C:\Users\ravinds4\AppData\Roaming\npm-cache\pause\0.0.1\package\package.json written
113 silly loadAllDepsIntoIdealTree Finishing
114 silly loadIdealTree Finishing
115 silly currentTree BlogApp@0.0.0
115 silly currentTree +-- @types/jasmine@2.5.41
115 silly currentTree +-- @types/node@6.0.62
115 silly currentTree +-- @types/q@0.0.32
115 silly currentTree +-- @types/selenium-webdriver@2.53.37
115 silly currentTree +-- accepts@1.3.3
115 silly currentTree +-- acorn-globals@1.0.9
115 silly currentTree +-- acorn@2.7.0
115 silly currentTree +-- adm-zip@0.4.7
115 silly currentTree +-- after@0.8.2
115 silly currentTree +-- agent-base@2.0.1
115 silly currentTree | `-- semver@5.0.3
115 silly currentTree +-- align-text@0.1.4
115 silly currentTree +-- amdefine@1.0.1
115 silly currentTree +-- ansi-regex@2.1.1
115 silly currentTree +-- ansi-styles@2.2.1
115 silly currentTree +-- anymatch@1.3.0
115 silly currentTree +-- arr-diff@2.0.0
115 silly currentTree +-- arr-flatten@1.0.1
115 silly currentTree +-- array-slice@0.2.3
115 silly currentTree +-- array-union@1.0.2
115 silly currentTree +-- array-uniq@1.0.3
115 silly currentTree +-- array-unique@0.2.1
115 silly currentTree +-- arraybuffer.slice@0.0.6
115 silly currentTree +-- arrify@1.0.1
115 silly currentTree +-- asap@1.0.0
115 silly currentTree +-- asn1@0.2.3
115 silly currentTree +-- assert-plus@0.2.0
115 silly currentTree +-- async-each@1.0.1
115 silly currentTree +-- async@0.9.0
115 silly currentTree +-- asynckit@0.4.0
115 silly currentTree +-- aws-sign2@0.6.0
115 silly currentTree +-- aws4@1.5.0
115 silly currentTree +-- backo2@1.0.2
115 silly currentTree +-- balanced-match@0.4.2
115 silly currentTree +-- base64-arraybuffer@0.1.5
115 silly currentTree +-- base64-url@1.3.3
115 silly currentTree +-- base64id@1.0.0
115 silly currentTree +-- base64url@2.0.0
115 silly currentTree +-- basic-auth@1.1.0
115 silly currentTree +-- batch@0.5.3
115 silly currentTree +-- bcrypt-pbkdf@1.0.1
115 silly currentTree +-- better-assert@1.0.2
115 silly currentTree +-- binary-extensions@1.8.0
115 silly currentTree +-- bisection@0.0.3
115 silly currentTree +-- blob@0.0.4
115 silly currentTree +-- bluebird@2.11.0
115 silly currentTree +-- body-parser@1.16.1
115 silly currentTree | +-- debug@2.6.1
115 silly currentTree | `-- qs@6.2.1
115 silly currentTree +-- boom@2.10.1
115 silly currentTree +-- bower@1.8.0
115 silly currentTree +-- brace-expansion@1.1.6
115 silly currentTree +-- braces@1.8.5
115 silly currentTree +-- bson@1.0.4
115 silly currentTree +-- buffer-equal-constant-time@1.0.1
115 silly currentTree +-- buffer-shims@1.0.0
115 silly currentTree +-- bytes@2.4.0
115 silly currentTree +-- callsite@1.0.0
115 silly currentTree +-- camelcase@1.2.1
115 silly currentTree +-- caseless@0.11.0
115 silly currentTree +-- center-align@0.1.3
115 silly currentTree +-- chalk@1.1.3
115 silly currentTree +-- character-parser@1.2.1
115 silly currentTree +-- chokidar@1.6.1
115 silly currentTree +-- clean-css@3.4.24
115 silly currentTree | +-- commander@2.8.1
115 silly currentTree | `-- source-map@0.4.4
115 silly currentTree +-- client-sessions@0.7.0
115 silly currentTree +-- cliui@2.1.0
115 silly currentTree | `-- wordwrap@0.0.2
115 silly currentTree +-- colors@1.0.3
115 silly currentTree +-- combined-stream@1.0.5
115 silly currentTree +-- commander@2.9.0
115 silly currentTree +-- component-bind@1.0.0
115 silly currentTree +-- component-emitter@1.1.2
115 silly currentTree +-- component-inherit@0.0.3
115 silly currentTree +-- concat-map@0.0.1
115 silly currentTree +-- connect@3.5.0
115 silly currentTree | +-- debug@2.2.0
115 silly currentTree | `-- ms@0.7.1
115 silly currentTree +-- constantinople@3.0.2
115 silly currentTree +-- content-disposition@0.5.0
115 silly currentTree +-- content-type@1.0.2
115 silly currentTree +-- cookie-parser@1.4.3
115 silly currentTree | `-- cookie-signature@1.0.6
115 silly currentTree +-- cookie-signature@1.0.5
115 silly currentTree +-- cookie@0.3.1
115 silly currentTree +-- cookies@0.5.0
115 silly currentTree +-- core-js@2.4.1
115 silly currentTree +-- core-util-is@1.0.2
115 silly currentTree +-- corser@2.0.1
115 silly currentTree +-- crc@3.2.1
115 silly currentTree +-- cryptiles@2.0.5
115 silly currentTree +-- csrf@3.0.4
115 silly currentTree +-- css-parse@1.0.4
115 silly currentTree +-- css-stringify@1.0.5
115 silly currentTree +-- css@1.0.8
115 silly currentTree +-- csurf@1.9.0
115 silly currentTree | `-- cookie-signature@1.0.6
115 silly currentTree +-- ctype@0.5.3
115 silly currentTree +-- custom-event@1.0.1
115 silly currentTree +-- dashdash@1.14.1
115 silly currentTree | `-- assert-plus@1.0.0
115 silly currentTree +-- debug@2.6.0
115 silly currentTree +-- decamelize@1.2.0
115 silly currentTree +-- define-properties@1.1.2
115 silly currentTree +-- del@2.2.2
115 silly currentTree +-- delayed-stream@1.0.0
115 silly currentTree +-- depd@1.1.0
115 silly currentTree +-- destroy@1.0.3
115 silly currentTree +-- di@0.0.1
115 silly currentTree +-- dom-serialize@2.2.1
115 silly currentTree +-- each-series@1.0.0
115 silly currentTree +-- ecc-jsbn@0.1.1
115 silly currentTree +-- ecdsa-sig-formatter@1.0.9
115 silly currentTree +-- ecstatic@1.4.1
115 silly currentTree +-- ee-first@1.1.1
115 silly currentTree +-- engine.io-client@1.8.2
115 silly currentTree | +-- component-emitter@1.2.1
115 silly currentTree | `-- debug@2.3.3
115 silly currentTree +-- engine.io-parser@1.3.2
115 silly currentTree +-- engine.io@1.8.2
115 silly currentTree | `-- debug@2.3.3
115 silly currentTree +-- ent@2.2.0
115 silly currentTree +-- errorhandler@1.5.0
115 silly currentTree +-- es-abstract@1.7.0
115 silly currentTree +-- es-to-primitive@1.1.1
115 silly currentTree +-- es6-promise@3.2.1
115 silly currentTree +-- escape-html@1.0.3
115 silly currentTree +-- escape-string-regexp@1.0.5
115 silly currentTree +-- etag@1.5.1
115 silly currentTree +-- eventemitter3@1.2.0
115 silly currentTree +-- exit@0.1.2
115 silly currentTree +-- expand-braces@0.1.2
115 silly currentTree | +-- braces@0.1.5
115 silly currentTree | +-- expand-range@0.1.1
115 silly currentTree | +-- is-number@0.1.1
115 silly currentTree | `-- repeat-string@0.2.2
115 silly currentTree +-- expand-brackets@0.1.5
115 silly currentTree +-- expand-range@1.8.2
115 silly currentTree +-- express-stormpath@0.5.9
115 silly currentTree +-- express@4.10.8
115 silly currentTree | +-- accepts@1.1.4
115 silly currentTree | +-- cookie@0.1.2
115 silly currentTree | +-- debug@2.1.3
115 silly currentTree | +-- depd@1.0.1
115 silly currentTree | +-- ee-first@1.1.0
115 silly currentTree | +-- escape-html@1.0.1
115 silly currentTree | +-- finalhandler@0.3.3
115 silly currentTree | +-- mime-db@1.12.0
115 silly currentTree | +-- mime-types@2.0.14
115 silly currentTree | +-- ms@0.7.0
115 silly currentTree | +-- negotiator@0.4.9
115 silly currentTree | +-- on-finished@2.2.1
115 silly currentTree | `-- type-is@1.5.7
115 silly currentTree +-- extend@3.0.0
115 silly currentTree +-- extglob@0.3.2
115 silly currentTree +-- extsprintf@1.0.2
115 silly currentTree +-- filename-regex@2.0.0
115 silly currentTree +-- fill-range@2.2.3
115 silly currentTree +-- finalhandler@0.5.0
115 silly currentTree | +-- debug@2.2.0
115 silly currentTree | `-- ms@0.7.1
115 silly currentTree +-- for-in@0.1.6
115 silly currentTree +-- for-own@0.1.4
115 silly currentTree +-- foreach@2.0.5
115 silly currentTree +-- forever-agent@0.6.1
115 silly currentTree +-- form-data@2.1.2
115 silly currentTree +-- formidable@1.1.1
115 silly currentTree +-- forms@1.3.0
115 silly currentTree | +-- async@2.1.4
115 silly currentTree | +-- lodash@4.17.4
115 silly currentTree | `-- qs@6.3.0
115 silly currentTree +-- forwarded@0.1.0
115 silly currentTree +-- fresh@0.2.4
115 silly currentTree +-- fs-access@1.0.1
115 silly currentTree +-- fs.realpath@1.0.0
115 silly currentTree +-- function-bind@1.1.0
115 silly currentTree +-- generate-function@2.0.0
115 silly currentTree +-- generate-object-property@1.2.0
115 silly currentTree +-- getpass@0.1.6
115 silly currentTree | `-- assert-plus@1.0.0
115 silly currentTree +-- glob-base@0.3.0
115 silly currentTree +-- glob-parent@2.0.0
115 silly currentTree +-- glob@7.1.1
115 silly currentTree +-- globby@5.0.0
115 silly currentTree +-- graceful-fs@4.1.11
115 silly currentTree +-- graceful-readlink@1.0.1
115 silly currentTree +-- har-validator@2.0.6
115 silly currentTree +-- has-ansi@2.0.0
115 silly currentTree +-- has-binary@0.1.7
115 silly currentTree | `-- isarray@0.0.1
115 silly currentTree +-- has-cors@1.1.0
115 silly currentTree +-- hashring@0.0.8
115 silly currentTree +-- hawk@3.1.3
115 silly currentTree +-- he@0.5.0
115 silly currentTree +-- hoek@2.16.3
115 silly currentTree +-- hooks-fixed@1.1.0
115 silly currentTree +-- http-errors@1.5.1
115 silly currentTree +-- http-proxy@1.16.2
115 silly currentTree +-- http-server@0.9.0
115 silly currentTree +-- http-signature@1.1.1
115 silly currentTree +-- https-proxy-agent@1.0.0
115 silly currentTree +-- iconv-lite@0.4.15
115 silly currentTree +-- indexof@0.0.1
115 silly currentTree +-- inflight@1.0.6
115 silly currentTree +-- inherits@2.0.3
115 silly currentTree +-- ini@1.3.4
115 silly currentTree +-- ipaddr.js@1.0.5
115 silly currentTree +-- is-binary-path@1.0.1
115 silly currentTree +-- is-buffer@1.1.4
115 silly currentTree +-- is-callable@1.1.3
115 silly currentTree +-- is-date-object@1.0.1
115 silly currentTree +-- is-dotfile@1.0.2
115 silly currentTree +-- is-equal-shallow@0.1.3
115 silly currentTree +-- is-extendable@0.1.1
115 silly currentTree +-- is-extglob@1.0.0
115 silly currentTree +-- is-glob@2.0.1
115 silly currentTree +-- is-my-json-valid@2.15.0
115 silly currentTree +-- is-number@2.1.0
115 silly currentTree +-- is-path-cwd@1.0.0
115 silly currentTree +-- is-path-in-cwd@1.0.0
115 silly currentTree +-- is-path-inside@1.0.0
115 silly currentTree +-- is-posix-bracket@0.1.1
115 silly currentTree +-- is-primitive@2.0.0
115 silly currentTree +-- is-promise@2.1.0
115 silly currentTree +-- is-property@1.0.2
115 silly currentTree +-- is-regex@1.0.3
115 silly currentTree +-- is-symbol@1.0.1
115 silly currentTree +-- is-typedarray@1.0.0
115 silly currentTree +-- is@3.2.0
115 silly currentTree +-- isarray@1.0.0
115 silly currentTree +-- isbinaryfile@3.0.2
115 silly currentTree +-- isemail@1.2.0
115 silly currentTree +-- isexe@1.1.2
115 silly currentTree +-- isobject@2.1.0
115 silly currentTree +-- isstream@0.1.2
115 silly currentTree +-- jackpot@0.0.6
115 silly currentTree +-- jade@1.11.0
115 silly currentTree | `-- commander@2.6.0
115 silly currentTree +-- jasmine-core@2.5.2
115 silly currentTree +-- jasmine@2.4.1
115 silly currentTree | +-- glob@3.2.11
115 silly currentTree | +-- jasmine-core@2.4.1
115 silly currentTree | `-- minimatch@0.3.0
115 silly currentTree +-- jasminewd2@0.0.10
115 silly currentTree +-- jodid25519@1.0.2
115 silly currentTree +-- joi@6.10.1
115 silly currentTree +-- jsbn@0.1.0
115 silly currentTree +-- json-schema@0.2.3
115 silly currentTree +-- json-stringify-safe@5.0.1
115 silly currentTree +-- json3@3.3.2
115 silly currentTree +-- jsonpointer@4.0.1
115 silly currentTree +-- jsonwebtoken@7.2.1
115 silly currentTree +-- jsprim@1.3.1
115 silly currentTree +-- jstransformer@0.0.2
115 silly currentTree +-- jwa@1.1.5
115 silly currentTree +-- jws@3.1.4
115 silly currentTree +-- jwt-simple@0.5.1
115 silly currentTree +-- kareem@1.0.1
115 silly currentTree +-- karma-chrome-launcher@0.2.3
115 silly currentTree +-- karma-firefox-launcher@0.1.7
115 silly currentTree +-- karma-jasmine@0.3.8
115 silly currentTree +-- karma-junit-reporter@0.4.2
115 silly currentTree +-- karma@0.13.22
115 silly currentTree | `-- colors@1.1.2
115 silly currentTree +-- keygrip@1.0.1
115 silly currentTree +-- kind-of@3.1.0
115 silly currentTree +-- lazy-cache@1.0.4
115 silly currentTree +-- lodash.once@4.1.1
115 silly currentTree +-- lodash@3.10.1
115 silly currentTree +-- log4js@0.6.38
115 silly currentTree | +-- isarray@0.0.1
115 silly currentTree | `-- readable-stream@1.0.34
115 silly currentTree +-- longest@1.0.1
115 silly currentTree +-- lru-cache@2.2.4
115 silly currentTree +-- media-typer@0.3.0
115 silly currentTree +-- memcached@0.2.8
115 silly currentTree +-- merge-descriptors@0.0.2
115 silly currentTree +-- method-override@2.3.7
115 silly currentTree | +-- debug@2.3.3
115 silly currentTree | +-- methods@1.1.2
115 silly currentTree | `-- vary@1.1.0
115 silly currentTree +-- methods@1.1.1
115 silly currentTree +-- micromatch@2.3.11
115 silly currentTree +-- mime-db@1.26.0
115 silly currentTree +-- mime-types@2.1.14
115 silly currentTree +-- mime@1.3.4
115 silly currentTree +-- minimatch@3.0.3
115 silly currentTree +-- minimist@1.2.0
115 silly currentTree +-- mkdirp@0.5.1
115 silly currentTree | `-- minimist@0.0.8
115 silly currentTree +-- moment@2.8.4
115 silly currentTree +-- mongodb-core@2.1.8
115 silly currentTree +-- mongodb@2.2.24
115 silly currentTree | `-- readable-stream@2.1.5
115 silly currentTree +-- mongojs@2.4.0
115 silly currentTree +-- mongoose@4.4.20
115 silly currentTree | +-- async@1.5.2
115 silly currentTree | +-- bson@0.4.23
115 silly currentTree | +-- es6-promise@3.0.2
115 silly currentTree | +-- isarray@0.0.1
115 silly currentTree | +-- mongodb-core@1.3.18
115 silly currentTree | +-- mongodb@2.1.18
115 silly currentTree | +-- ms@0.7.1
115 silly currentTree | `-- readable-stream@1.0.31
115 silly currentTree +-- morgan@1.8.0
115 silly currentTree +-- mpath@0.2.1
115 silly currentTree +-- mpromise@0.5.5
115 silly currentTree +-- mquery@1.11.0
115 silly currentTree | +-- bluebird@2.10.2
115 silly currentTree | +-- debug@2.2.0
115 silly currentTree | +-- ms@0.7.1
115 silly currentTree | `-- sliced@0.0.5
115 silly currentTree +-- ms@0.7.2
115 silly currentTree +-- muri@1.1.0
115 silly currentTree +-- negotiator@0.6.1
115 silly currentTree +-- normalize-path@2.0.1
115 silly currentTree +-- null-check@1.0.0
115 silly currentTree +-- oauth-sign@0.8.2
115 silly currentTree +-- object-assign@4.1.0
115 silly currentTree +-- object-component@0.0.3
115 silly currentTree +-- object-keys@1.0.11
115 silly currentTree +-- object.assign@4.0.4
115 silly currentTree +-- object.omit@2.0.1
115 silly currentTree +-- on-finished@2.3.0
115 silly currentTree +-- on-headers@1.0.1
115 silly currentTree +-- once@1.4.0
115 silly currentTree +-- opener@1.4.2
115 silly currentTree +-- optimist@0.6.1
115 silly currentTree | `-- minimist@0.0.10
115 silly currentTree +-- options@0.0.6
115 silly currentTree +-- parse-glob@3.0.4
115 silly currentTree +-- parse-mongo-url@1.1.1
115 silly currentTree +-- parsejson@0.0.3
115 silly currentTree +-- parseqs@0.0.5
115 silly currentTree +-- parseuri@0.0.5
115 silly currentTree +-- parseurl@1.3.1
115 silly currentTree +-- passport-jwt@2.2.1
115 silly currentTree +-- passport-strategy@1.0.0
115 silly currentTree +-- passport@0.3.2
115 silly currentTree +-- path-is-absolute@1.0.1
115 silly currentTree +-- path-is-inside@1.0.2
115 silly currentTree +-- path-to-regexp@0.1.3
115 silly currentTree +-- pause@0.0.1
115 silly currentTree +-- pify@2.3.0
115 silly currentTree +-- pinkie-promise@2.0.1
115 silly currentTree +-- pinkie@2.0.4
115 silly currentTree +-- portfinder@0.4.0
115 silly currentTree +-- preserve@0.2.0
115 silly currentTree +-- process-nextick-args@1.0.7
115 silly currentTree +-- promise@6.1.0
115 silly currentTree +-- properties-parser@0.2.3
115 silly currentTree +-- protractor@4.0.14
115 silly currentTree | +-- semver@5.3.0
115 silly currentTree | `-- webdriver-manager@10.3.0
115 silly currentTree +-- proxy-addr@1.0.10
115 silly currentTree +-- punycode@1.4.1
115 silly currentTree +-- q@1.4.1
115 silly currentTree +-- qs@2.3.3
115 silly currentTree +-- random-bytes@1.0.0
115 silly currentTree +-- randomatic@1.1.6
115 silly currentTree +-- range-parser@1.0.3
115 silly currentTree +-- raw-body@2.2.0
115 silly currentTree +-- readable-stream@2.2.2
115 silly currentTree +-- readdirp@2.1.0
115 silly currentTree +-- redis@0.12.1
115 silly currentTree +-- regex-cache@0.4.3
115 silly currentTree +-- regexp-clone@0.0.1
115 silly currentTree +-- repeat-element@1.1.2
115 silly currentTree +-- repeat-string@1.6.1
115 silly currentTree +-- request@2.79.0
115 silly currentTree | `-- qs@6.3.0
115 silly currentTree +-- require_optional@1.0.0
115 silly currentTree | `-- semver@5.3.0
115 silly currentTree +-- requires-port@1.0.0
115 silly currentTree +-- resolve-from@2.0.0
115 silly currentTree +-- retry@0.6.0
115 silly currentTree +-- right-align@0.1.3
115 silly currentTree +-- rimraf@2.5.4
115 silly currentTree +-- rndm@1.2.0
115 silly currentTree +-- safe-buffer@5.0.1
115 silly currentTree +-- saucelabs@1.3.0
115 silly currentTree +-- sax@0.6.1
115 silly currentTree +-- selenium-webdriver@2.53.3
115 silly currentTree | `-- adm-zip@0.4.4
115 silly currentTree +-- semver@4.3.6
115 silly currentTree +-- send@0.10.1
115 silly currentTree | +-- debug@2.1.3
115 silly currentTree | | `-- ms@0.7.0
115 silly currentTree | +-- depd@1.0.1
115 silly currentTree | +-- ee-first@1.1.0
115 silly currentTree | +-- escape-html@1.0.1
115 silly currentTree | +-- mime@1.2.11
115 silly currentTree | +-- ms@0.6.2
115 silly currentTree | `-- on-finished@2.1.1
115 silly currentTree +-- serve-static@1.7.2
115 silly currentTree | `-- escape-html@1.0.1
115 silly currentTree +-- set-immediate-shim@1.0.1
115 silly currentTree +-- setprototypeof@1.0.2
115 silly currentTree +-- sigmund@1.0.1
115 silly currentTree +-- simple-lru-cache@0.0.2
115 silly currentTree +-- sliced@1.0.1
115 silly currentTree +-- sntp@1.0.9
115 silly currentTree +-- socket.io-adapter@0.5.0
115 silly currentTree | `-- debug@2.3.3
115 silly currentTree +-- socket.io-client@1.7.2
115 silly currentTree | +-- component-emitter@1.2.1
115 silly currentTree | `-- debug@2.3.3
115 silly currentTree +-- socket.io-parser@2.3.1
115 silly currentTree | +-- debug@2.2.0
115 silly currentTree | +-- isarray@0.0.1
115 silly currentTree | `-- ms@0.7.1
115 silly currentTree +-- socket.io@1.7.2
115 silly currentTree | `-- debug@2.3.3
115 silly currentTree +-- source-map-support@0.4.11
115 silly currentTree +-- source-map@0.5.6
115 silly currentTree +-- sshpk@1.10.2
115 silly currentTree | `-- assert-plus@1.0.0
115 silly currentTree +-- statuses@1.3.1
115 silly currentTree +-- stormpath@0.7.5
115 silly currentTree | +-- asn1@0.1.11
115 silly currentTree | +-- assert-plus@0.1.5
115 silly currentTree | +-- async@0.7.0
115 silly currentTree | +-- aws-sign2@0.5.0
115 silly currentTree | +-- boom@0.4.2
115 silly currentTree | +-- combined-stream@0.0.7
115 silly currentTree | +-- cryptiles@0.2.2
115 silly currentTree | +-- delayed-stream@0.0.5
115 silly currentTree | +-- forever-agent@0.5.2
115 silly currentTree | +-- form-data@0.1.4
115 silly currentTree | | `-- async@0.9.2
115 silly currentTree | +-- glob@3.2.11
115 silly currentTree | +-- hawk@1.1.1
115 silly currentTree | +-- hoek@0.9.1
115 silly currentTree | +-- http-signature@0.10.1
115 silly currentTree | +-- jwt-simple@0.2.0
115 silly currentTree | +-- mime-types@1.0.2
115 silly currentTree | +-- mime@1.2.11
115 silly currentTree | +-- minimatch@0.3.0
115 silly currentTree | +-- node-uuid@1.4.7
115 silly currentTree | +-- oauth-sign@0.3.0
115 silly currentTree | +-- qs@1.0.2
115 silly currentTree | +-- request@2.40.0
115 silly currentTree | `-- sntp@0.2.4
115 silly currentTree +-- string_decoder@0.10.31
115 silly currentTree +-- string.prototype.trim@1.1.2
115 silly currentTree +-- stringstream@0.0.5
115 silly currentTree +-- strip-ansi@3.0.1
115 silly currentTree +-- supports-color@2.0.0
115 silly currentTree +-- thunky@0.1.0
115 silly currentTree +-- tmp@0.0.24
115 silly currentTree +-- to-array@0.1.4
115 silly currentTree +-- to-mongodb-core@2.0.0
115 silly currentTree +-- topo@1.1.0
115 silly currentTree +-- tough-cookie@2.3.2
115 silly currentTree +-- transformers@2.1.0
115 silly currentTree | +-- is-promise@1.0.1
115 silly currentTree | +-- optimist@0.3.7
115 silly currentTree | +-- promise@2.0.0
115 silly currentTree | +-- source-map@0.1.43
115 silly currentTree | `-- uglify-js@2.2.5
115 silly currentTree +-- tsscmp@1.0.5
115 silly currentTree +-- tunnel-agent@0.4.3
115 silly currentTree +-- tweetnacl@0.14.5
115 silly currentTree +-- type-is@1.6.14
115 silly currentTree +-- uglify-js@2.7.5
115 silly currentTree | `-- async@0.2.10
115 silly currentTree +-- uglify-to-browserify@1.0.2
115 silly currentTree +-- uid-safe@2.1.3
115 silly currentTree +-- ultron@1.0.2
115 silly currentTree +-- underscore.string@2.3.3
115 silly currentTree +-- underscore@1.5.2
115 silly currentTree +-- union@0.4.6
115 silly currentTree +-- unpipe@1.0.0
115 silly currentTree +-- url-join@1.1.0
115 silly currentTree +-- useragent@2.1.11
115 silly currentTree +-- util-deprecate@1.0.2
115 silly currentTree +-- utils-merge@1.0.0
115 silly currentTree +-- uuid@3.0.1
115 silly currentTree +-- vary@1.0.1
115 silly currentTree +-- verror@1.3.6
115 silly currentTree +-- void-elements@2.0.1
115 silly currentTree +-- which@1.2.12
115 silly currentTree +-- window-size@0.1.0
115 silly currentTree +-- with@4.0.3
115 silly currentTree | `-- acorn@1.2.2
115 silly currentTree +-- wordwrap@0.0.3
115 silly currentTree +-- wrappy@1.0.2
115 silly currentTree +-- ws@1.1.1
115 silly currentTree +-- wtf-8@1.0.0
115 silly currentTree +-- xml2js@0.4.4
115 silly currentTree +-- xmlbuilder@3.1.0
115 silly currentTree +-- xmlhttprequest-ssl@1.5.3
115 silly currentTree +-- xtend@4.0.1
115 silly currentTree +-- yargs@3.10.0
115 silly currentTree `-- yeast@0.1.2
116 silly idealTree BlogApp@0.0.0
116 silly idealTree +-- @types/jasmine@2.5.41
116 silly idealTree +-- @types/node@6.0.62
116 silly idealTree +-- @types/q@0.0.32
116 silly idealTree +-- @types/selenium-webdriver@2.53.37
116 silly idealTree +-- accepts@1.3.3
116 silly idealTree +-- acorn-globals@1.0.9
116 silly idealTree +-- acorn@2.7.0
116 silly idealTree +-- adm-zip@0.4.7
116 silly idealTree +-- after@0.8.2
116 silly idealTree +-- agent-base@2.0.1
116 silly idealTree | `-- semver@5.0.3
116 silly idealTree +-- align-text@0.1.4
116 silly idealTree +-- amdefine@1.0.1
116 silly idealTree +-- ansi-regex@2.1.1
116 silly idealTree +-- ansi-styles@2.2.1
116 silly idealTree +-- anymatch@1.3.0
116 silly idealTree +-- arr-diff@2.0.0
116 silly idealTree +-- arr-flatten@1.0.1
116 silly idealTree +-- array-slice@0.2.3
116 silly idealTree +-- array-union@1.0.2
116 silly idealTree +-- array-uniq@1.0.3
116 silly idealTree +-- array-unique@0.2.1
116 silly idealTree +-- arraybuffer.slice@0.0.6
116 silly idealTree +-- arrify@1.0.1
116 silly idealTree +-- asap@1.0.0
116 silly idealTree +-- asn1@0.2.3
116 silly idealTree +-- assert-plus@0.2.0
116 silly idealTree +-- async-each@1.0.1
116 silly idealTree +-- async@0.9.0
116 silly idealTree +-- asynckit@0.4.0
116 silly idealTree +-- aws-sign2@0.6.0
116 silly idealTree +-- aws4@1.5.0
116 silly idealTree +-- backo2@1.0.2
116 silly idealTree +-- balanced-match@0.4.2
116 silly idealTree +-- base64-arraybuffer@0.1.5
116 silly idealTree +-- base64-url@1.3.3
116 silly idealTree +-- base64id@1.0.0
116 silly idealTree +-- base64url@2.0.0
116 silly idealTree +-- basic-auth@1.1.0
116 silly idealTree +-- batch@0.5.3
116 silly idealTree +-- bcrypt-pbkdf@1.0.1
116 silly idealTree +-- better-assert@1.0.2
116 silly idealTree +-- binary-extensions@1.8.0
116 silly idealTree +-- bisection@0.0.3
116 silly idealTree +-- blob@0.0.4
116 silly idealTree +-- bluebird@2.11.0
116 silly idealTree +-- body-parser@1.16.1
116 silly idealTree | +-- debug@2.6.1
116 silly idealTree | `-- qs@6.2.1
116 silly idealTree +-- boom@2.10.1
116 silly idealTree +-- bower@1.8.0
116 silly idealTree +-- brace-expansion@1.1.6
116 silly idealTree +-- braces@1.8.5
116 silly idealTree +-- bson@1.0.4
116 silly idealTree +-- buffer-equal-constant-time@1.0.1
116 silly idealTree +-- buffer-shims@1.0.0
116 silly idealTree +-- bytes@2.4.0
116 silly idealTree +-- callsite@1.0.0
116 silly idealTree +-- camelcase@1.2.1
116 silly idealTree +-- caseless@0.11.0
116 silly idealTree +-- center-align@0.1.3
116 silly idealTree +-- chalk@1.1.3
116 silly idealTree +-- character-parser@1.2.1
116 silly idealTree +-- chokidar@1.6.1
116 silly idealTree +-- clean-css@3.4.24
116 silly idealTree | +-- commander@2.8.1
116 silly idealTree | `-- source-map@0.4.4
116 silly idealTree +-- client-sessions@0.7.0
116 silly idealTree +-- cliui@2.1.0
116 silly idealTree | `-- wordwrap@0.0.2
116 silly idealTree +-- colors@1.0.3
116 silly idealTree +-- combined-stream@1.0.5
116 silly idealTree +-- commander@2.9.0
116 silly idealTree +-- component-bind@1.0.0
116 silly idealTree +-- component-emitter@1.1.2
116 silly idealTree +-- component-inherit@0.0.3
116 silly idealTree +-- concat-map@0.0.1
116 silly idealTree +-- connect@3.5.0
116 silly idealTree | +-- debug@2.2.0
116 silly idealTree | `-- ms@0.7.1
116 silly idealTree +-- constantinople@3.0.2
116 silly idealTree +-- content-disposition@0.5.0
116 silly idealTree +-- content-type@1.0.2
116 silly idealTree +-- cookie-parser@1.4.3
116 silly idealTree | `-- cookie-signature@1.0.6
116 silly idealTree +-- cookie-signature@1.0.5
116 silly idealTree +-- cookie@0.3.1
116 silly idealTree +-- cookies@0.5.0
116 silly idealTree +-- core-js@2.4.1
116 silly idealTree +-- core-util-is@1.0.2
116 silly idealTree +-- corser@2.0.1
116 silly idealTree +-- crc@3.2.1
116 silly idealTree +-- cryptiles@2.0.5
116 silly idealTree +-- csrf@3.0.4
116 silly idealTree +-- css-parse@1.0.4
116 silly idealTree +-- css-stringify@1.0.5
116 silly idealTree +-- css@1.0.8
116 silly idealTree +-- csurf@1.9.0
116 silly idealTree | `-- cookie-signature@1.0.6
116 silly idealTree +-- ctype@0.5.3
116 silly idealTree +-- custom-event@1.0.1
116 silly idealTree +-- dashdash@1.14.1
116 silly idealTree | `-- assert-plus@1.0.0
116 silly idealTree +-- debug@2.6.0
116 silly idealTree +-- decamelize@1.2.0
116 silly idealTree +-- define-properties@1.1.2
116 silly idealTree +-- del@2.2.2
116 silly idealTree +-- delayed-stream@1.0.0
116 silly idealTree +-- depd@1.1.0
116 silly idealTree +-- destroy@1.0.3
116 silly idealTree +-- di@0.0.1
116 silly idealTree +-- dom-serialize@2.2.1
116 silly idealTree +-- each-series@1.0.0
116 silly idealTree +-- ecc-jsbn@0.1.1
116 silly idealTree +-- ecdsa-sig-formatter@1.0.9
116 silly idealTree +-- ecstatic@1.4.1
116 silly idealTree +-- ee-first@1.1.1
116 silly idealTree +-- engine.io-client@1.8.2
116 silly idealTree | +-- component-emitter@1.2.1
116 silly idealTree | `-- debug@2.3.3
116 silly idealTree +-- engine.io-parser@1.3.2
116 silly idealTree +-- engine.io@1.8.2
116 silly idealTree | `-- debug@2.3.3
116 silly idealTree +-- ent@2.2.0
116 silly idealTree +-- errorhandler@1.5.0
116 silly idealTree +-- es-abstract@1.7.0
116 silly idealTree +-- es-to-primitive@1.1.1
116 silly idealTree +-- es6-promise@3.2.1
116 silly idealTree +-- escape-html@1.0.3
116 silly idealTree +-- escape-string-regexp@1.0.5
116 silly idealTree +-- etag@1.5.1
116 silly idealTree +-- eventemitter3@1.2.0
116 silly idealTree +-- exit@0.1.2
116 silly idealTree +-- expand-braces@0.1.2
116 silly idealTree | +-- braces@0.1.5
116 silly idealTree | +-- expand-range@0.1.1
116 silly idealTree | +-- is-number@0.1.1
116 silly idealTree | `-- repeat-string@0.2.2
116 silly idealTree +-- expand-brackets@0.1.5
116 silly idealTree +-- expand-range@1.8.2
116 silly idealTree +-- express-stormpath@0.5.9
116 silly idealTree +-- express@4.10.8
116 silly idealTree | +-- accepts@1.1.4
116 silly idealTree | +-- cookie@0.1.2
116 silly idealTree | +-- debug@2.1.3
116 silly idealTree | +-- depd@1.0.1
116 silly idealTree | +-- ee-first@1.1.0
116 silly idealTree | +-- escape-html@1.0.1
116 silly idealTree | +-- finalhandler@0.3.3
116 silly idealTree | +-- mime-db@1.12.0
116 silly idealTree | +-- mime-types@2.0.14
116 silly idealTree | +-- ms@0.7.0
116 silly idealTree | +-- negotiator@0.4.9
116 silly idealTree | +-- on-finished@2.2.1
116 silly idealTree | `-- type-is@1.5.7
116 silly idealTree +-- extend@3.0.0
116 silly idealTree +-- extglob@0.3.2
116 silly idealTree +-- extsprintf@1.0.2
116 silly idealTree +-- filename-regex@2.0.0
116 silly idealTree +-- fill-range@2.2.3
116 silly idealTree +-- finalhandler@0.5.0
116 silly idealTree | +-- debug@2.2.0
116 silly idealTree | `-- ms@0.7.1
116 silly idealTree +-- for-in@0.1.6
116 silly idealTree +-- for-own@0.1.4
116 silly idealTree +-- foreach@2.0.5
116 silly idealTree +-- forever-agent@0.6.1
116 silly idealTree +-- form-data@2.1.2
116 silly idealTree +-- formidable@1.1.1
116 silly idealTree +-- forms@1.3.0
116 silly idealTree | +-- async@2.1.4
116 silly idealTree | +-- lodash@4.17.4
116 silly idealTree | `-- qs@6.3.0
116 silly idealTree +-- forwarded@0.1.0
116 silly idealTree +-- fresh@0.2.4
116 silly idealTree +-- fs-access@1.0.1
116 silly idealTree +-- fs.realpath@1.0.0
116 silly idealTree +-- function-bind@1.1.0
116 silly idealTree +-- generate-function@2.0.0
116 silly idealTree +-- generate-object-property@1.2.0
116 silly idealTree +-- getpass@0.1.6
116 silly idealTree | `-- assert-plus@1.0.0
116 silly idealTree +-- glob-base@0.3.0
116 silly idealTree +-- glob-parent@2.0.0
116 silly idealTree +-- glob@7.1.1
116 silly idealTree +-- globby@5.0.0
116 silly idealTree +-- graceful-fs@4.1.11
116 silly idealTree +-- graceful-readlink@1.0.1
116 silly idealTree +-- har-validator@2.0.6
116 silly idealTree +-- has-ansi@2.0.0
116 silly idealTree +-- has-binary@0.1.7
116 silly idealTree | `-- isarray@0.0.1
116 silly idealTree +-- has-cors@1.1.0
116 silly idealTree +-- hashring@0.0.8
116 silly idealTree +-- hawk@3.1.3
116 silly idealTree +-- he@0.5.0
116 silly idealTree +-- hoek@2.16.3
116 silly idealTree +-- hooks-fixed@1.1.0
116 silly idealTree +-- http-errors@1.5.1
116 silly idealTree +-- http-proxy@1.16.2
116 silly idealTree +-- http-server@0.9.0
116 silly idealTree +-- http-signature@1.1.1
116 silly idealTree +-- https-proxy-agent@1.0.0
116 silly idealTree +-- iconv-lite@0.4.15
116 silly idealTree +-- indexof@0.0.1
116 silly idealTree +-- inflight@1.0.6
116 silly idealTree +-- inherits@2.0.3
116 silly idealTree +-- ini@1.3.4
116 silly idealTree +-- ipaddr.js@1.0.5
116 silly idealTree +-- is-binary-path@1.0.1
116 silly idealTree +-- is-buffer@1.1.4
116 silly idealTree +-- is-callable@1.1.3
116 silly idealTree +-- is-date-object@1.0.1
116 silly idealTree +-- is-dotfile@1.0.2
116 silly idealTree +-- is-equal-shallow@0.1.3
116 silly idealTree +-- is-extendable@0.1.1
116 silly idealTree +-- is-extglob@1.0.0
116 silly idealTree +-- is-glob@2.0.1
116 silly idealTree +-- is-my-json-valid@2.15.0
116 silly idealTree +-- is-number@2.1.0
116 silly idealTree +-- is-path-cwd@1.0.0
116 silly idealTree +-- is-path-in-cwd@1.0.0
116 silly idealTree +-- is-path-inside@1.0.0
116 silly idealTree +-- is-posix-bracket@0.1.1
116 silly idealTree +-- is-primitive@2.0.0
116 silly idealTree +-- is-promise@2.1.0
116 silly idealTree +-- is-property@1.0.2
116 silly idealTree +-- is-regex@1.0.3
116 silly idealTree +-- is-symbol@1.0.1
116 silly idealTree +-- is-typedarray@1.0.0
116 silly idealTree +-- is@3.2.0
116 silly idealTree +-- isarray@1.0.0
116 silly idealTree +-- isbinaryfile@3.0.2
116 silly idealTree +-- isemail@1.2.0
116 silly idealTree +-- isexe@1.1.2
116 silly idealTree +-- isobject@2.1.0
116 silly idealTree +-- isstream@0.1.2
116 silly idealTree +-- jackpot@0.0.6
116 silly idealTree +-- jade@1.11.0
116 silly idealTree | `-- commander@2.6.0
116 silly idealTree +-- jasmine-core@2.5.2
116 silly idealTree +-- jasmine@2.4.1
116 silly idealTree | +-- glob@3.2.11
116 silly idealTree | +-- jasmine-core@2.4.1
116 silly idealTree | `-- minimatch@0.3.0
116 silly idealTree +-- jasminewd2@0.0.10
116 silly idealTree +-- jodid25519@1.0.2
116 silly idealTree +-- joi@6.10.1
116 silly idealTree +-- jsbn@0.1.0
116 silly idealTree +-- json-schema@0.2.3
116 silly idealTree +-- json-stringify-safe@5.0.1
116 silly idealTree +-- json3@3.3.2
116 silly idealTree +-- jsonpointer@4.0.1
116 silly idealTree +-- jsonwebtoken@7.2.1
116 silly idealTree +-- jsprim@1.3.1
116 silly idealTree +-- jstransformer@0.0.2
116 silly idealTree +-- jwa@1.1.5
116 silly idealTree +-- jws@3.1.4
116 silly idealTree +-- jwt-simple@0.5.1
116 silly idealTree +-- kareem@1.0.1
116 silly idealTree +-- karma-chrome-launcher@0.2.3
116 silly idealTree +-- karma-firefox-launcher@0.1.7
116 silly idealTree +-- karma-jasmine@0.3.8
116 silly idealTree +-- karma-junit-reporter@0.4.2
116 silly idealTree +-- karma@0.13.22
116 silly idealTree | `-- colors@1.1.2
116 silly idealTree +-- keygrip@1.0.1
116 silly idealTree +-- kind-of@3.1.0
116 silly idealTree +-- lazy-cache@1.0.4
116 silly idealTree +-- lodash.once@4.1.1
116 silly idealTree +-- lodash@3.10.1
116 silly idealTree +-- log4js@0.6.38
116 silly idealTree | +-- isarray@0.0.1
116 silly idealTree | `-- readable-stream@1.0.34
116 silly idealTree +-- longest@1.0.1
116 silly idealTree +-- lru-cache@2.2.4
116 silly idealTree +-- media-typer@0.3.0
116 silly idealTree +-- memcached@0.2.8
116 silly idealTree +-- merge-descriptors@0.0.2
116 silly idealTree +-- method-override@2.3.7
116 silly idealTree | +-- debug@2.3.3
116 silly idealTree | +-- methods@1.1.2
116 silly idealTree | `-- vary@1.1.0
116 silly idealTree +-- methods@1.1.1
116 silly idealTree +-- micromatch@2.3.11
116 silly idealTree +-- mime-db@1.26.0
116 silly idealTree +-- mime-types@2.1.14
116 silly idealTree +-- mime@1.3.4
116 silly idealTree +-- minimatch@3.0.3
116 silly idealTree +-- minimist@1.2.0
116 silly idealTree +-- mkdirp@0.5.1
116 silly idealTree | `-- minimist@0.0.8
116 silly idealTree +-- moment@2.8.4
116 silly idealTree +-- mongodb-core@2.1.8
116 silly idealTree +-- mongodb@2.2.24
116 silly idealTree | `-- readable-stream@2.1.5
116 silly idealTree +-- mongojs@2.4.0
116 silly idealTree +-- mongoose@4.4.20
116 silly idealTree | +-- async@1.5.2
116 silly idealTree | +-- bson@0.4.23
116 silly idealTree | +-- es6-promise@3.0.2
116 silly idealTree | +-- isarray@0.0.1
116 silly idealTree | +-- mongodb-core@1.3.18
116 silly idealTree | +-- mongodb@2.1.18
116 silly idealTree | +-- ms@0.7.1
116 silly idealTree | `-- readable-stream@1.0.31
116 silly idealTree +-- morgan@1.8.0
116 silly idealTree +-- mpath@0.2.1
116 silly idealTree +-- mpromise@0.5.5
116 silly idealTree +-- mquery@1.11.0
116 silly idealTree | +-- bluebird@2.10.2
116 silly idealTree | +-- debug@2.2.0
116 silly idealTree | +-- ms@0.7.1
116 silly idealTree | `-- sliced@0.0.5
116 silly idealTree +-- ms@0.7.2
116 silly idealTree +-- muri@1.1.0
116 silly idealTree +-- negotiator@0.6.1
116 silly idealTree +-- normalize-path@2.0.1
116 silly idealTree +-- null-check@1.0.0
116 silly idealTree +-- oauth-sign@0.8.2
116 silly idealTree +-- object-assign@4.1.0
116 silly idealTree +-- object-component@0.0.3
116 silly idealTree +-- object-keys@1.0.11
116 silly idealTree +-- object.assign@4.0.4
116 silly idealTree +-- object.omit@2.0.1
116 silly idealTree +-- on-finished@2.3.0
116 silly idealTree +-- on-headers@1.0.1
116 silly idealTree +-- once@1.4.0
116 silly idealTree +-- opener@1.4.2
116 silly idealTree +-- optimist@0.6.1
116 silly idealTree | `-- minimist@0.0.10
116 silly idealTree +-- options@0.0.6
116 silly idealTree +-- parse-glob@3.0.4
116 silly idealTree +-- parse-mongo-url@1.1.1
116 silly idealTree +-- parsejson@0.0.3
116 silly idealTree +-- parseqs@0.0.5
116 silly idealTree +-- parseuri@0.0.5
116 silly idealTree +-- parseurl@1.3.1
116 silly idealTree +-- passport-jwt@2.2.1
116 silly idealTree +-- passport-strategy@1.0.0
116 silly idealTree +-- passport@0.3.2
116 silly idealTree +-- path-is-absolute@1.0.1
116 silly idealTree +-- path-is-inside@1.0.2
116 silly idealTree +-- path-to-regexp@0.1.3
116 silly idealTree +-- pause@0.0.1
116 silly idealTree +-- pify@2.3.0
116 silly idealTree +-- pinkie-promise@2.0.1
116 silly idealTree +-- pinkie@2.0.4
116 silly idealTree +-- portfinder@0.4.0
116 silly idealTree +-- preserve@0.2.0
116 silly idealTree +-- process-nextick-args@1.0.7
116 silly idealTree +-- promise@6.1.0
116 silly idealTree +-- properties-parser@0.2.3
116 silly idealTree +-- protractor@4.0.14
116 silly idealTree | +-- semver@5.3.0
116 silly idealTree | `-- webdriver-manager@10.3.0
116 silly idealTree +-- proxy-addr@1.0.10
116 silly idealTree +-- punycode@1.4.1
116 silly idealTree +-- q@1.4.1
116 silly idealTree +-- qs@2.3.3
116 silly idealTree +-- random-bytes@1.0.0
116 silly idealTree +-- randomatic@1.1.6
116 silly idealTree +-- range-parser@1.0.3
116 silly idealTree +-- raw-body@2.2.0
116 silly idealTree +-- readable-stream@2.2.2
116 silly idealTree +-- readdirp@2.1.0
116 silly idealTree +-- redis@0.12.1
116 silly idealTree +-- regex-cache@0.4.3
116 silly idealTree +-- regexp-clone@0.0.1
116 silly idealTree +-- repeat-element@1.1.2
116 silly idealTree +-- repeat-string@1.6.1
116 silly idealTree +-- request@2.79.0
116 silly idealTree | `-- qs@6.3.0
116 silly idealTree +-- require_optional@1.0.0
116 silly idealTree | `-- semver@5.3.0
116 silly idealTree +-- requires-port@1.0.0
116 silly idealTree +-- resolve-from@2.0.0
116 silly idealTree +-- retry@0.6.0
116 silly idealTree +-- right-align@0.1.3
116 silly idealTree +-- rimraf@2.5.4
116 silly idealTree +-- rndm@1.2.0
116 silly idealTree +-- safe-buffer@5.0.1
116 silly idealTree +-- saucelabs@1.3.0
116 silly idealTree +-- sax@0.6.1
116 silly idealTree +-- selenium-webdriver@2.53.3
116 silly idealTree | `-- adm-zip@0.4.4
116 silly idealTree +-- semver@4.3.6
116 silly idealTree +-- send@0.10.1
116 silly idealTree | +-- debug@2.1.3
116 silly idealTree | | `-- ms@0.7.0
116 silly idealTree | +-- depd@1.0.1
116 silly idealTree | +-- ee-first@1.1.0
116 silly idealTree | +-- escape-html@1.0.1
116 silly idealTree | +-- mime@1.2.11
116 silly idealTree | +-- ms@0.6.2
116 silly idealTree | `-- on-finished@2.1.1
116 silly idealTree +-- serve-static@1.7.2
116 silly idealTree | `-- escape-html@1.0.1
116 silly idealTree +-- set-immediate-shim@1.0.1
116 silly idealTree +-- setprototypeof@1.0.2
116 silly idealTree +-- sigmund@1.0.1
116 silly idealTree +-- simple-lru-cache@0.0.2
116 silly idealTree +-- sliced@1.0.1
116 silly idealTree +-- sntp@1.0.9
116 silly idealTree +-- socket.io-adapter@0.5.0
116 silly idealTree | `-- debug@2.3.3
116 silly idealTree +-- socket.io-client@1.7.2
116 silly idealTree | +-- component-emitter@1.2.1
116 silly idealTree | `-- debug@2.3.3
116 silly idealTree +-- socket.io-parser@2.3.1
116 silly idealTree | +-- debug@2.2.0
116 silly idealTree | +-- isarray@0.0.1
116 silly idealTree | `-- ms@0.7.1
116 silly idealTree +-- socket.io@1.7.2
116 silly idealTree | `-- debug@2.3.3
116 silly idealTree +-- source-map-support@0.4.11
116 silly idealTree +-- source-map@0.5.6
116 silly idealTree +-- sshpk@1.10.2
116 silly idealTree | `-- assert-plus@1.0.0
116 silly idealTree +-- statuses@1.3.1
116 silly idealTree +-- stormpath@0.7.5
116 silly idealTree | +-- asn1@0.1.11
116 silly idealTree | +-- assert-plus@0.1.5
116 silly idealTree | +-- async@0.7.0
116 silly idealTree | +-- aws-sign2@0.5.0
116 silly idealTree | +-- boom@0.4.2
116 silly idealTree | +-- combined-stream@0.0.7
116 silly idealTree | +-- cryptiles@0.2.2
116 silly idealTree | +-- delayed-stream@0.0.5
116 silly idealTree | +-- forever-agent@0.5.2
116 silly idealTree | +-- form-data@0.1.4
116 silly idealTree | | `-- async@0.9.2
116 silly idealTree | +-- glob@3.2.11
116 silly idealTree | +-- hawk@1.1.1
116 silly idealTree | +-- hoek@0.9.1
116 silly idealTree | +-- http-signature@0.10.1
116 silly idealTree | +-- jwt-simple@0.2.0
116 silly idealTree | +-- mime-types@1.0.2
116 silly idealTree | +-- mime@1.2.11
116 silly idealTree | +-- minimatch@0.3.0
116 silly idealTree | +-- node-uuid@1.4.7
116 silly idealTree | +-- oauth-sign@0.3.0
116 silly idealTree | +-- qs@1.0.2
116 silly idealTree | +-- request@2.40.0
116 silly idealTree | `-- sntp@0.2.4
116 silly idealTree +-- string_decoder@0.10.31
116 silly idealTree +-- string.prototype.trim@1.1.2
116 silly idealTree +-- stringstream@0.0.5
116 silly idealTree +-- strip-ansi@3.0.1
116 silly idealTree +-- supports-color@2.0.0
116 silly idealTree +-- thunky@0.1.0
116 silly idealTree +-- tmp@0.0.24
116 silly idealTree +-- to-array@0.1.4
116 silly idealTree +-- to-mongodb-core@2.0.0
116 silly idealTree +-- topo@1.1.0
116 silly idealTree +-- tough-cookie@2.3.2
116 silly idealTree +-- transformers@2.1.0
116 silly idealTree | +-- is-promise@1.0.1
116 silly idealTree | +-- optimist@0.3.7
116 silly idealTree | +-- promise@2.0.0
116 silly idealTree | +-- source-map@0.1.43
116 silly idealTree | `-- uglify-js@2.2.5
116 silly idealTree +-- tsscmp@1.0.5
116 silly idealTree +-- tunnel-agent@0.4.3
116 silly idealTree +-- tweetnacl@0.14.5
116 silly idealTree +-- type-is@1.6.14
116 silly idealTree +-- uglify-js@2.7.5
116 silly idealTree | `-- async@0.2.10
116 silly idealTree +-- uglify-to-browserify@1.0.2
116 silly idealTree +-- uid-safe@2.1.3
116 silly idealTree +-- ultron@1.0.2
116 silly idealTree +-- underscore.string@2.3.3
116 silly idealTree +-- underscore@1.5.2
116 silly idealTree +-- union@0.4.6
116 silly idealTree +-- unpipe@1.0.0
116 silly idealTree +-- url-join@1.1.0
116 silly idealTree +-- useragent@2.1.11
116 silly idealTree +-- util-deprecate@1.0.2
116 silly idealTree +-- utils-merge@1.0.0
116 silly idealTree +-- uuid@3.0.1
116 silly idealTree +-- vary@1.0.1
116 silly idealTree +-- verror@1.3.6
116 silly idealTree +-- void-elements@2.0.1
116 silly idealTree +-- which@1.2.12
116 silly idealTree +-- window-size@0.1.0
116 silly idealTree +-- with@4.0.3
116 silly idealTree | `-- acorn@1.2.2
116 silly idealTree +-- wordwrap@0.0.3
116 silly idealTree +-- wrappy@1.0.2
116 silly idealTree +-- ws@1.1.1
116 silly idealTree +-- wtf-8@1.0.0
116 silly idealTree +-- xml2js@0.4.4
116 silly idealTree +-- xmlbuilder@3.1.0
116 silly idealTree +-- xmlhttprequest-ssl@1.5.3
116 silly idealTree +-- xtend@4.0.1
116 silly idealTree +-- yargs@3.10.0
116 silly idealTree `-- yeast@0.1.2
117 silly generateActionsToTake Starting
118 silly install generateActionsToTake
119 silly generateActionsToTake Finishing
120 silly diffTrees action count 0
121 silly decomposeActions action count 0
122 silly runTopLevelLifecycles Starting
123 silly install runPreinstallTopLevelLifecycles
124 silly preinstall BlogApp@0.0.0
125 info lifecycle BlogApp@0.0.0~preinstall: BlogApp@0.0.0
126 silly lifecycle BlogApp@0.0.0~preinstall: no script for preinstall, continuing
127 silly executeActions Starting
128 silly install executeActions
129 silly doSerial global-install 0
130 silly doParallel fetch 0
131 verbose correctMkdir C:\Users\ravinds4\AppData\Roaming\npm-cache\_locks correctMkdir not in flight; initializing
132 verbose lock using C:\Users\ravinds4\AppData\Roaming\npm-cache\_locks\staging-3eca4be09ae3645a.lock for C:\MyFiles\blogapp\BlogApp\node_modules\.staging
133 silly doParallel extract 0
134 silly doParallel preinstall 0
135 silly doReverseSerial remove 0
136 silly doSerial move 0
137 silly doSerial finalize 0
138 silly doSerial build 0
139 silly doSerial global-link 0
140 silly doParallel update-linked 0
141 silly doSerial install 0
142 silly doSerial postinstall 0
143 verbose unlock done using C:\Users\ravinds4\AppData\Roaming\npm-cache\_locks\staging-3eca4be09ae3645a.lock for C:\MyFiles\blogapp\BlogApp\node_modules\.staging
144 silly executeActions Finishing
145 silly rollbackFailedOptional Starting
146 silly rollbackFailedOptional Finishing
147 silly install runPostinstallTopLevelLifecycles
148 silly build BlogApp@0.0.0
149 info linkStuff BlogApp@0.0.0
150 silly linkStuff BlogApp@0.0.0 has C:\MyFiles\blogapp as its parent node_modules
151 verbose linkBins BlogApp@0.0.0
152 verbose linkMans BlogApp@0.0.0
153 silly install BlogApp@0.0.0
154 info lifecycle BlogApp@0.0.0~install: BlogApp@0.0.0
155 silly lifecycle BlogApp@0.0.0~install: no script for install, continuing
156 silly postinstall BlogApp@0.0.0
157 info lifecycle BlogApp@0.0.0~postinstall: BlogApp@0.0.0
158 verbose lifecycle BlogApp@0.0.0~postinstall: unsafe-perm in lifecycle true
159 verbose lifecycle BlogApp@0.0.0~postinstall: PATH: C:\Users\ravinds4\AppData\Roaming\npm\node_modules\npm\bin\node-gyp-bin;C:\MyFiles\blogapp\BlogApp\node_modules\.bin;C:\ProgramData\Oracle\Java\javapath;C:\Windows\system32;C:\Windows;C:\Windows\System32\Wbem;C:\Windows\System32\WindowsPowerShell\v1.0\;C:\Windows\System32\WindowsPowerShell\v1.0\;C:\Softwares\apache-maven-3.3.3-bin\apache-maven-3.3.3\bin;C:\Program Files\Java\jdk1.8.0_71\bin;C:\apache-ant-1.9.6\bin;C:\Program Files\nodejs\;C:\Program Files (x86)\Sennheiser\SoftphoneSDK\;C:\Program Files\Git\cmd;C:\Users\ravinds4\AppData\Roaming\npm;C:\Program Files\Heroku\bin
160 verbose lifecycle BlogApp@0.0.0~postinstall: CWD: C:\MyFiles\blogapp\BlogApp
161 silly lifecycle BlogApp@0.0.0~postinstall: Args: [ '/d /s /c', 'bash ./post_install.sh' ]
162 silly lifecycle BlogApp@0.0.0~postinstall: Returned: code: 1  signal: null
163 info lifecycle BlogApp@0.0.0~postinstall: Failed to exec postinstall script
164 warn optional SKIPPING OPTIONAL DEPENDENCY: fsevents@^1.0.0 (node_modules\chokidar\node_modules\fsevents):
165 warn notsup SKIPPING OPTIONAL DEPENDENCY: Unsupported platform for fsevents@1.1.1: wanted {"os":"darwin","arch":"any"} (current: {"os":"win32","arch":"x64"})
166 verbose notsup SKIPPING OPTIONAL DEPENDENCY: Valid OS:    darwin
166 verbose notsup SKIPPING OPTIONAL DEPENDENCY: Valid Arch:  any
166 verbose notsup SKIPPING OPTIONAL DEPENDENCY: Actual OS:   win32
166 verbose notsup SKIPPING OPTIONAL DEPENDENCY: Actual Arch: x64
167 verbose stack Error: BlogApp@0.0.0 postinstall: `bash ./post_install.sh`
167 verbose stack Exit status 1
167 verbose stack     at EventEmitter.<anonymous> (C:\Users\ravinds4\AppData\Roaming\npm\node_modules\npm\lib\utils\lifecycle.js:279:16)
167 verbose stack     at emitTwo (events.js:106:13)
167 verbose stack     at EventEmitter.emit (events.js:191:7)
167 verbose stack     at ChildProcess.<anonymous> (C:\Users\ravinds4\AppData\Roaming\npm\node_modules\npm\lib\utils\spawn.js:40:14)
167 verbose stack     at emitTwo (events.js:106:13)
167 verbose stack     at ChildProcess.emit (events.js:191:7)
167 verbose stack     at maybeClose (internal/child_process.js:877:16)
167 verbose stack     at Process.ChildProcess._handle.onexit (internal/child_process.js:226:5)
168 verbose pkgid BlogApp@0.0.0
169 verbose cwd C:\MyFiles\blogapp\BlogApp
170 error Windows_NT 6.1.7601
171 error argv "C:\\Program Files\\nodejs\\node.exe" "C:\\Users\\ravinds4\\AppData\\Roaming\\npm\\node_modules\\npm\\bin\\npm-cli.js" "install"
172 error node v6.9.2
173 error npm  v4.0.5
174 error code ELIFECYCLE
175 error BlogApp@0.0.0 postinstall: `bash ./post_install.sh`
175 error Exit status 1
176 error Failed at the BlogApp@0.0.0 postinstall script 'bash ./post_install.sh'.
176 error Make sure you have the latest version of node.js and npm installed.
176 error If you do, this is most likely a problem with the BlogApp package,
176 error not with npm itself.
176 error Tell the author that this fails on your system:
176 error     bash ./post_install.sh
176 error You can get information on how to open an issue for this project with:
176 error     npm bugs BlogApp
176 error Or if that isn't available, you can get their info via:
176 error     npm owner ls BlogApp
176 error There is likely additional logging output above.
177 verbose exit [ 1, true ]
